\BOOKMARK [0][-]{chapter.1}{\376\377\000B\000a\000s\000i\000c\000\040\000D\000e\000f\000i\000n\000i\000t\000i\000o\000n\000s}{}% 1
\BOOKMARK [1][-]{section.1.1}{\376\377\000D\000y\000n\000a\000m\000i\000c\000\040\000V\000a\000r\000i\000a\000b\000l\000e\000s}{chapter.1}% 2
\BOOKMARK [1][-]{section.1.2}{\376\377\000G\000e\000o\000m\000e\000t\000r\000i\000c\000a\000l\000\040\000v\000a\000r\000i\000a\000b\000l\000e\000s}{chapter.1}% 3
\BOOKMARK [1][-]{section.1.3}{\376\377\000P\000r\000o\000c\000e\000s\000s\000e\000d\000\040\000G\000e\000o\000m\000e\000t\000r\000y}{chapter.1}% 4
\BOOKMARK [1][-]{section.1.4}{\376\377\000D\000i\000m\000e\000n\000s\000i\000o\000n\000l\000e\000s\000s\000\040\000C\000o\000e\000f\000f\000i\000c\000i\000e\000n\000t\000s}{chapter.1}% 5
\BOOKMARK [1][-]{section.1.5}{\376\377\000D\000e\000f\000i\000n\000i\000t\000i\000o\000n\000\040\000o\000f\000\040\000P\000r\000o\000c\000e\000s\000s\000e\000s}{chapter.1}% 6
\BOOKMARK [0][-]{chapter.2}{\376\377\000R\000e\000y\000n\000o\000l\000d\000'\000s\000\040\000T\000r\000a\000n\000s\000p\000o\000r\000t\000\040\000T\000h\000e\000o\000r\000e\000m}{}% 7
\BOOKMARK [1][-]{section.2.1}{\376\377\000S\000u\000b\000s\000t\000a\000n\000t\000i\000v\000e\000\040\000D\000e\000r\000i\000v\000a\000t\000i\000v\000e}{chapter.2}% 8
\BOOKMARK [1][-]{section.2.2}{\376\377\000D\000i\000v\000e\000r\000g\000e\000n\000c\000e\000\040\000T\000h\000e\000o\000r\000e\000m}{chapter.2}% 9
\BOOKMARK [0][-]{chapter.3}{\376\377\000G\000o\000v\000e\000r\000n\000i\000n\000g\000\040\000E\000q\000u\000a\000t\000i\000o\000n\000s}{}% 10
\BOOKMARK [1][-]{section.3.1}{\376\377\000G\000o\000v\000e\000r\000n\000i\000n\000g\000\040\000E\000q\000u\000a\000t\000i\000o\000n\000:\000\040\000C\000o\000n\000t\000i\000n\000u\000u\000m\000\040\000E\000q\000u\000a\000t\000i\000o\000n}{chapter.3}% 11
\BOOKMARK [2][-]{subsection.3.1.1}{\376\377\000D\000i\000f\000f\000e\000r\000e\000n\000t\000i\000a\000l\000\040\000C\000o\000n\000t\000i\000n\000u\000i\000t\000y\000\040\000P\000r\000o\000o\000f}{section.3.1}% 12
\BOOKMARK [2][-]{subsection.3.1.2}{\376\377\000I\000n\000t\000e\000g\000r\000a\000l\000\040\000C\000o\000n\000t\000i\000n\000u\000i\000t\000y\000\040\000P\000r\000o\000o\000f}{section.3.1}% 13
\BOOKMARK [1][-]{section.3.2}{\376\377\000G\000o\000v\000e\000r\000n\000i\000n\000g\000\040\000E\000q\000u\000a\000t\000i\000o\000n\000:\000\040\000M\000o\000m\000e\000n\000t\000u\000m\000\040\000E\000q\000u\000a\000t\000i\000o\000n}{chapter.3}% 14
\BOOKMARK [2][-]{subsection.3.2.1}{\376\377\000D\000i\000f\000f\000e\000r\000e\000n\000t\000i\000a\000l\000\040\000M\000o\000m\000e\000n\000t\000u\000m\000\040\000P\000r\000o\000o\000f}{section.3.2}% 15
\BOOKMARK [2][-]{subsection.3.2.2}{\376\377\000I\000n\000t\000e\000g\000r\000a\000l\000\040\000M\000o\000m\000e\000n\000t\000u\000m\000\040\000P\000r\000o\000o\000f}{section.3.2}% 16
\BOOKMARK [1][-]{section.3.3}{\376\377\000G\000o\000v\000e\000r\000n\000i\000n\000g\000\040\000E\000q\000u\000a\000t\000i\000o\000n\000:\000\040\000E\000n\000e\000r\000g\000y\000\040\000E\000q\000u\000a\000t\000i\000o\000n}{chapter.3}% 17
\BOOKMARK [0][-]{chapter.4}{\376\377\000N\000a\000v\000i\000e\000r\000-\000S\000t\000o\000k\000e\000s\000\040\000E\000q\000u\000a\000t\000i\000o\000n\000s}{}% 18
\BOOKMARK [1][-]{section.4.1}{\376\377\000H\000i\000e\000m\000e\000n\000z\000\040\000F\000l\000o\000w}{chapter.4}% 19
\BOOKMARK [2][-]{subsection.4.1.1}{\376\377\000C\000a\000r\000t\000e\000s\000i\000a\000n\000\040\000C\000o\000o\000r\000d\000i\000n\000a\000t\000e\000s}{section.4.1}% 20
\BOOKMARK [2][-]{subsection.4.1.2}{\376\377\000P\000o\000l\000a\000r\000\040\000C\000o\000o\000r\000d\000i\000n\000a\000t\000e\000s}{section.4.1}% 21
\BOOKMARK [1][-]{section.4.2}{\376\377\000A\000l\000t\000e\000r\000n\000a\000t\000e\000\040\000F\000o\000r\000m\000s}{chapter.4}% 22
\BOOKMARK [2][-]{subsection.4.2.1}{\376\377\000S\000t\000r\000a\000i\000n\000\040\000A\000n\000d\000\040\000R\000o\000t\000a\000t\000i\000o\000n}{section.4.2}% 23
\BOOKMARK [3][-]{subsubsection.4.2.1.1}{\376\377\000C\000o\000n\000t\000i\000n\000u\000i\000t\000y\000:\000\040\000I\000n\000d\000e\000x\000\040\000N\000o\000t\000a\000t\000i\000o\000n}{subsection.4.2.1}% 24
\BOOKMARK [3][-]{subsubsection.4.2.1.2}{\376\377\000M\000o\000m\000e\000n\000t\000u\000m\000:\000\040\000V\000e\000l\000o\000c\000i\000t\000y\000\040\000G\000r\000a\000d\000i\000e\000n\000t}{subsection.4.2.1}% 25
\BOOKMARK [3][-]{subsubsection.4.2.1.3}{\376\377\000S\000t\000r\000a\000i\000n\000\040\000R\000a\000t\000e\000\040\000F\000o\000r\000m}{subsection.4.2.1}% 26
\BOOKMARK [3][-]{subsubsection.4.2.1.4}{\376\377\000R\000o\000t\000a\000t\000i\000o\000n\000\040\000R\000a\000t\000e\000\040\000F\000o\000r\000m}{subsection.4.2.1}% 27
\BOOKMARK [2][-]{subsection.4.2.2}{\376\377\000V\000o\000r\000t\000i\000c\000i\000t\000y\000\040\000E\000q\000u\000a\000t\000i\000o\000n}{section.4.2}% 28
\BOOKMARK [3][-]{subsubsection.4.2.2.1}{\376\377\000D\000e\000r\000i\000v\000a\000t\000i\000o\000n}{subsection.4.2.2}% 29
\BOOKMARK [3][-]{subsubsection.4.2.2.2}{\376\377\000S\000u\000m\000m\000a\000r\000y}{subsection.4.2.2}% 30
\BOOKMARK [0][-]{chapter.5}{\376\377\000P\000o\000t\000e\000n\000t\000i\000a\000l\000\040\000F\000l\000o\000w\000s}{}% 31
\BOOKMARK [1][-]{section.5.1}{\376\377\000C\000o\000m\000p\000r\000e\000s\000s\000i\000b\000l\000e\000\040\000P\000o\000t\000e\000n\000t\000i\000a\000l\000\040\000F\000l\000o\000w}{chapter.5}% 32
\BOOKMARK [1][-]{section.5.2}{\376\377\000I\000n\000c\000o\000m\000p\000r\000e\000s\000s\000i\000b\000l\000e\000\040\000P\000o\000t\000e\000n\000t\000i\000a\000l\000\040\000F\000l\000o\000w}{chapter.5}% 33
\BOOKMARK [0][-]{chapter.6}{\376\377\000N\000u\000m\000e\000r\000i\000c\000a\000l\000\040\000M\000e\000t\000h\000o\000d\000s\000:\000\040\000P\000o\000t\000e\000n\000t\000i\000a\000l\000\040\000F\000l\000o\000w\000s}{}% 34
\BOOKMARK [1][-]{section.6.1}{\376\377\000P\000o\000t\000e\000n\000t\000i\000a\000l\000\040\000F\000l\000o\000w}{chapter.6}% 35
\BOOKMARK [2][-]{subsection.6.1.1}{\376\377\000G\000a\000u\000s\000s\000-\000S\000i\000e\000d\000e\000l\000\040\000G\000r\000i\000d\000\040\000M\000e\000t\000h\000o\000d}{section.6.1}% 36
\BOOKMARK [1][-]{section.6.2}{\376\377\000U\000n\000s\000t\000e\000a\000d\000y\000\040\000D\000i\000f\000f\000u\000s\000i\000o\000n}{chapter.6}% 37
\BOOKMARK [2][-]{subsubsection.6.2.0.1}{\376\377\000I\000n\000t\000e\000r\000i\000o\000r\000\040\000C\000e\000l\000l\000s}{section.6.2}% 38
\BOOKMARK [3][-]{subsubsection.6.2.0.2}{\376\377\000D\000i\000r\000i\000c\000h\000l\000e\000t\000\040\000W\000e\000s\000t\000e\000r\000n\000\040\000B\000o\000u\000n\000d\000a\000r\000y\000\040\000C\000o\000n\000d\000i\000t\000i\000o\000n\000s}{subsubsection.6.2.0.1}% 39
\BOOKMARK [3][-]{subsubsection.6.2.0.3}{\376\377\000D\000i\000r\000i\000c\000h\000l\000e\000t\000\040\000E\000a\000s\000t\000e\000r\000n\000\040\000B\000o\000u\000n\000d\000a\000r\000y\000\040\000C\000o\000n\000d\000i\000t\000i\000o\000n\000s}{subsubsection.6.2.0.1}% 40
\BOOKMARK [2][-]{subsection.6.2.1}{\376\377\000P\000a\000r\000t\000\040\000c}{section.6.2}% 41
\BOOKMARK [1][-]{section.6.3}{\376\377\000F\000o\000u\000r\000i\000e\000r\000\040\000S\000t\000a\000b\000i\000l\000i\000t\000y\000\040\000A\000n\000a\000l\000y\000s\000i\000s}{chapter.6}% 42
\BOOKMARK [2][-]{subsection.6.3.1}{\376\377\000D\000i\000s\000c\000r\000e\000t\000i\000z\000a\000t\000i\000o\000n\000\040\000o\000f\000\040\000W\000a\000v\000e\000\040\000E\000q\000u\000a\000t\000i\000o\000n}{section.6.3}% 43
\BOOKMARK [2][-]{subsection.6.3.2}{\376\377\000C\000u\000b\000i\000c\000\040\000P\000o\000l\000y\000n\000o\000m\000i\000a\000l\000\040\000S\000p\000a\000t\000i\000a\000l\000\040\000S\000c\000h\000e\000m\000e}{section.6.3}% 44
\BOOKMARK [2][-]{subsection.6.3.3}{\376\377\000U\000p\000w\000i\000n\000d\000\040\000D\000i\000f\000f\000e\000r\000e\000n\000c\000i\000n\000g\000\040\000S\000c\000h\000e\000m\000e}{section.6.3}% 45
\BOOKMARK [0][-]{chapter.7}{\376\377\000I\000n\000v\000i\000s\000c\000i\000d\000\040\000I\000n\000c\000o\000m\000p\000r\000e\000s\000s\000i\000b\000l\000e\000\040\000F\000l\000o\000w}{}% 46
\BOOKMARK [1][-]{section.7.1}{\376\377\000T\000h\000i\000n\000\040\000A\000i\000r\000f\000o\000i\000l\000\040\000T\000h\000e\000o\000r\000y}{chapter.7}% 47
\BOOKMARK [2][-]{subsection.7.1.1}{\376\377\000D\000e\000r\000i\000v\000a\000t\000i\000o\000n\000\040\000a\000n\000d\000\040\000T\000h\000e\000o\000r\000e\000m\000-\000S\000p\000e\000c\000i\000f\000i\000c\000\040\000C\000o\000e\000f\000f\000i\000c\000i\000e\000n\000t\000s}{section.7.1}% 48
\BOOKMARK [2][-]{subsection.7.1.2}{\376\377\000L\000i\000f\000t}{section.7.1}% 49
\BOOKMARK [2][-]{subsection.7.1.3}{\376\377\000M\000o\000m\000e\000n\000t\000s}{section.7.1}% 50
\BOOKMARK [2][-]{subsection.7.1.4}{\376\377\000L\000i\000m\000i\000t\000a\000t\000i\000o\000n\000s}{section.7.1}% 51
\BOOKMARK [2][-]{subsection.7.1.5}{\376\377\000O\000t\000h\000e\000r\000\040\000I\000m\000p\000l\000i\000c\000a\000t\000i\000o\000n\000s}{section.7.1}% 52
\BOOKMARK [1][-]{section.7.2}{\376\377\000L\000i\000f\000t\000i\000n\000g\000\040\000L\000i\000n\000e\000\040\000T\000h\000e\000o\000r\000y}{chapter.7}% 53
\BOOKMARK [2][-]{subsection.7.2.1}{\376\377\000L\000i\000f\000t}{section.7.2}% 54
\BOOKMARK [2][-]{subsection.7.2.2}{\376\377\000D\000r\000a\000g}{section.7.2}% 55
\BOOKMARK [2][-]{subsection.7.2.3}{\376\377\000E\000l\000l\000i\000p\000t\000i\000c\000a\000l\000\040\000V\000o\000r\000t\000e\000x\000\040\000D\000i\000s\000t\000r\000i\000b\000u\000t\000i\000o\000n\000\040\000W\000i\000n\000g}{section.7.2}% 56
\BOOKMARK [1][-]{section.7.3}{\376\377\000S\000t\000a\000t\000i\000c\000\040\000L\000o\000n\000g\000i\000t\000u\000d\000i\000n\000a\000l\000\040\000S\000t\000a\000b\000i\000l\000i\000t\000y}{chapter.7}% 57
\BOOKMARK [0][-]{chapter.8}{\376\377\000I\000n\000v\000i\000s\000c\000i\000d\000\040\000C\000o\000m\000p\000r\000e\000s\000s\000i\000b\000l\000e\000\040\000F\000l\000o\000w}{}% 58
\BOOKMARK [1][-]{section.8.1}{\376\377\000T\000h\000e\000r\000m\000o\000d\000y\000n\000a\000m\000i\000c\000\040\000R\000e\000l\000a\000t\000i\000o\000n\000s}{chapter.8}% 59
\BOOKMARK [1][-]{section.8.2}{\376\377\000S\000h\000o\000c\000k\000\040\000R\000e\000l\000a\000t\000i\000o\000n\000s}{chapter.8}% 60
\BOOKMARK [2][-]{subsection.8.2.1}{\376\377\000N\000o\000r\000m\000a\000l\000\040\000S\000h\000o\000c\000k\000s}{section.8.2}% 61
\BOOKMARK [2][-]{subsection.8.2.2}{\376\377\000O\000b\000l\000i\000q\000u\000e\000\040\000S\000h\000o\000c\000k\000s}{section.8.2}% 62
\BOOKMARK [1][-]{section.8.3}{\376\377\000P\000r\000a\000n\000t\000d\000l\000-\000M\000e\000y\000e\000r\000\040\000E\000x\000p\000a\000n\000s\000i\000o\000n\000\040\000T\000h\000e\000o\000r\000y}{chapter.8}% 63
\BOOKMARK [1][-]{section.8.4}{\376\377\000S\000h\000o\000c\000k\000-\000E\000x\000p\000a\000n\000s\000i\000o\000n\000\040\000T\000h\000e\000o\000r\000y}{chapter.8}% 64
\BOOKMARK [1][-]{section.8.5}{\376\377\000L\000i\000n\000e\000a\000r\000\040\000T\000h\000e\000o\000r\000y}{chapter.8}% 65
\BOOKMARK [2][-]{subsection.8.5.1}{\376\377\000S\000u\000p\000e\000r\000s\000o\000n\000i\000c}{section.8.5}% 66
\BOOKMARK [2][-]{subsection.8.5.2}{\376\377\000S\000u\000b\000s\000o\000n\000i\000c}{section.8.5}% 67
\BOOKMARK [0][-]{chapter.9}{\376\377\000C\000r\000e\000e\000p\000i\000n\000g\000\040\000F\000l\000o\000w\000s}{}% 68
\BOOKMARK [1][-]{section.9.1}{\376\377\000C\000a\000r\000t\000e\000s\000i\000a\000n\000\040\000P\000a\000r\000a\000l\000l\000e\000l\000\040\000F\000l\000o\000w\000s}{chapter.9}% 69
\BOOKMARK [1][-]{section.9.2}{\376\377\000R\000a\000d\000i\000a\000l\000\040\000P\000a\000r\000a\000l\000l\000e\000l\000\040\000F\000l\000o\000w\000s}{chapter.9}% 70
\BOOKMARK [2][-]{subsection.9.2.1}{\376\377\000V\000e\000l\000o\000c\000i\000t\000y\000\040\000P\000r\000o\000f\000i\000l\000e}{section.9.2}% 71
\BOOKMARK [2][-]{subsection.9.2.2}{\376\377\000S\000c\000a\000l\000a\000r\000\040\000P\000r\000e\000s\000s\000u\000r\000e\000\040\000F\000i\000e\000l\000d}{section.9.2}% 72
\BOOKMARK [2][-]{subsection.9.2.3}{\376\377\000I\000n\000d\000u\000c\000e\000d\000\040\000T\000o\000r\000q\000u\000e}{section.9.2}% 73
