\BOOKMARK [0][-]{chapter.1}{\376\377\000M\000O\000S\000F\000E\000T\000\040\000D\000e\000v\000i\000c\000e\000s}{}% 1
\BOOKMARK [1][-]{section.1.1}{\376\377\000N\000M\000O\000S\000\040\000P\000r\000o\000p\000e\000r\000t\000i\000e\000s}{chapter.1}% 2
\BOOKMARK [1][-]{section.1.2}{\376\377\000P\000M\000O\000S\000\040\000P\000r\000o\000p\000e\000r\000t\000i\000e\000s}{chapter.1}% 3
\BOOKMARK [0][-]{chapter.2}{\376\377\000O\000p\000-\000A\000m\000p\000l\000i\000f\000i\000e\000r\000\040\000F\000u\000n\000d\000a\000m\000e\000n\000t\000a\000l\000s}{}% 4
\BOOKMARK [1][-]{section.2.1}{\376\377\000D\000e\000s\000i\000g\000n}{chapter.2}% 5
\BOOKMARK [1][-]{section.2.2}{\376\377\000P\000r\000o\000p\000e\000r\000t\000i\000e\000s}{chapter.2}% 6
\BOOKMARK [0][-]{chapter.3}{\376\377\000O\000p\000-\000A\000m\000p\000l\000i\000f\000i\000e\000r\000\040\000A\000r\000r\000a\000n\000g\000e\000m\000e\000n\000t\000s}{}% 7
\BOOKMARK [1][-]{section.3.1}{\376\377\000D\000i\000f\000f\000e\000r\000e\000n\000t\000i\000a\000l\000\040\000A\000m\000p\000l\000i\000f\000i\000e\000r}{chapter.3}% 8
\BOOKMARK [1][-]{section.3.2}{\376\377\000I\000n\000v\000e\000r\000t\000i\000n\000g\000\040\000A\000m\000p\000l\000i\000f\000i\000e\000r}{chapter.3}% 9
\BOOKMARK [1][-]{section.3.3}{\376\377\000N\000o\000n\000-\000I\000n\000v\000e\000r\000t\000i\000n\000g\000\040\000A\000m\000p\000l\000i\000f\000i\000e\000r}{chapter.3}% 10
\BOOKMARK [1][-]{section.3.4}{\376\377\000I\000n\000t\000e\000g\000r\000a\000t\000i\000n\000g\000\040\000A\000m\000p\000l\000i\000f\000i\000e\000r}{chapter.3}% 11
\BOOKMARK [1][-]{section.3.5}{\376\377\000D\000i\000f\000f\000e\000r\000e\000n\000t\000i\000a\000t\000i\000n\000g\000\040\000A\000m\000p\000l\000i\000f\000i\000e\000r}{chapter.3}% 12
\BOOKMARK [1][-]{section.3.6}{\376\377\000S\000u\000m\000m\000i\000n\000g\000\040\000A\000m\000p\000l\000i\000f\000i\000e\000r}{chapter.3}% 13
\BOOKMARK [0][-]{chapter.4}{\376\377\000S\000t\000a\000t\000e\000-\000S\000p\000a\000c\000e\000\040\000I\000m\000p\000l\000e\000m\000e\000n\000t\000a\000t\000i\000o\000n\000s\000\040\000i\000n\000\040\000C\000i\000r\000c\000u\000i\000t\000s}{}% 14
\BOOKMARK [0][-]{chapter.5}{\376\377\000L\000o\000n\000g\000-\000T\000e\000r\000m\000\040\000B\000e\000h\000a\000v\000i\000o\000u\000r\000\040\000o\000f\000\040\000C\000i\000r\000c\000u\000i\000t\000s}{}% 15
\BOOKMARK [1][-]{section.5.1}{\376\377\000F\000i\000n\000a\000l\000\040\000V\000a\000l\000u\000e\000\040\000T\000h\000e\000o\000r\000e\000m}{chapter.5}% 16
\BOOKMARK [1][-]{section.5.2}{\376\377\000I\000m\000p\000u\000l\000s\000e\000\040\000R\000e\000s\000p\000o\000n\000s\000e}{chapter.5}% 17
\BOOKMARK [1][-]{section.5.3}{\376\377\000S\000t\000e\000p\000\040\000R\000e\000s\000p\000o\000n\000s\000e}{chapter.5}% 18
\BOOKMARK [1][-]{section.5.4}{\376\377\000P\000u\000r\000e\000\040\000S\000i\000n\000u\000s\000o\000i\000d\000\040\000R\000e\000s\000p\000o\000n\000s\000e}{chapter.5}% 19
\BOOKMARK [0][-]{chapter.6}{\376\377\000S\000t\000a\000t\000e\000-\000S\000p\000a\000c\000e}{}% 20
