\standalonepreambles
\subpreamble{../MOSFET/MOSFET.tex}
\usepackage {../Environment/Packages}\usepackage {../Environment/Conventions}\usepackage {../Environment/Hyahoos}
\endsubpreamble
\subpreamble{../Construction_Op_Amp/Opamp_fndmntl.tex}
\usepackage {../Environment/Packages}\usepackage {../Environment/Conventions}\usepackage {../Environment/Hyahoos}
\endsubpreamble
\subpreamble{../Usage_Op_Amp/Opamp_Usage.tex}
\usepackage {../Environment/Packages}\usepackage {../Environment/Conventions}\usepackage {../Environment/Hyahoos}
\endsubpreamble
\subpreamble{../SS_Implementation/SS_Implmntn.tex}
\usepackage {../Environment/Packages}\usepackage {../Environment/Conventions}\usepackage {../Environment/Hyahoos}
\endsubpreamble
\subpreamble{../Long_Response_Circuit/Long_Response.tex}
\usepackage {../Environment/Packages}\usepackage {../Environment/Conventions}\usepackage {../Environment/Hyahoos}
\endsubpreamble
\subpreamble{../State_Space/State_Space.tex}
\usepackage {../Environment/Packages}\usepackage {../Environment/Conventions}\usepackage {../Environment/Hyahoos}
\endsubpreamble
\endstandalonepreambles
