\BOOKMARK [0][-]{chapter.1}{\376\377\000L\000i\000n\000e\000a\000r\000\040\000D\000i\000f\000f\000e\000r\000e\000n\000t\000i\000a\000l\000\040\000E\000q\000u\000a\000t\000i\000o\000n\000s}{}% 1
\BOOKMARK [1][-]{section.1.1}{\376\377\000D\000e\000f\000i\000n\000i\000t\000i\000o\000n\000\040\000o\000f\000\040\000D\000i\000f\000f\000e\000r\000e\000n\000t\000i\000a\000l\000\040\000O\000p\000e\000r\000a\000t\000o\000r}{chapter.1}% 2
\BOOKMARK [2][-]{subsection.1.1.1}{\376\377\000P\000r\000o\000p\000o\000s\000i\000t\000i\000o\000n\000\040\0001\000:\000\040\000O\000p\000e\000r\000a\000t\000i\000o\000n\000\040\000o\000n\000\040\0000}{section.1.1}% 3
\BOOKMARK [2][-]{subsection.1.1.2}{\376\377\000P\000r\000o\000p\000o\000s\000i\000t\000i\000o\000n\000\040\0002\000:\000\040\000O\000p\000e\000r\000a\000t\000i\000o\000n\000\040\000o\000n\000\040\000C\000o\000n\000s\000t\000a\000n\000t\000s}{section.1.1}% 4
\BOOKMARK [2][-]{subsection.1.1.3}{\376\377\000P\000r\000o\000p\000o\000s\000i\000t\000i\000o\000n\000\040\0003\000:\000\040\000O\000p\000e\000r\000a\000t\000i\000o\000n\000\040\000C\000o\000m\000m\000u\000t\000a\000t\000i\000v\000i\000t\000y}{section.1.1}% 5
\BOOKMARK [1][-]{section.1.2}{\376\377\000H\000o\000m\000o\000g\000e\000n\000o\000u\000s\000\040\000D\000i\000f\000f\000e\000r\000e\000n\000t\000i\000a\000l\000\040\000E\000q\000u\000a\000t\000i\000o\000n\000\040\000C\000a\000s\000e\000s}{chapter.1}% 6
\BOOKMARK [2][-]{subsection.1.2.1}{\376\377\000N\000o\000n\000-\000R\000e\000p\000e\000a\000t\000e\000d\000\040\000R\000o\000o\000t\000s}{section.1.2}% 7
\BOOKMARK [2][-]{subsection.1.2.2}{\376\377\000R\000e\000p\000e\000a\000t\000e\000d\000\040\000R\000o\000o\000t\000s}{section.1.2}% 8
\BOOKMARK [2][-]{subsection.1.2.3}{\376\377\000C\000o\000m\000p\000l\000e\000x\000\040\000R\000o\000o\000t\000s}{section.1.2}% 9
\BOOKMARK [2][-]{subsection.1.2.4}{\376\377\000R\000e\000p\000e\000a\000t\000e\000d\000\040\000C\000o\000m\000p\000l\000e\000x\000\040\000R\000o\000o\000t\000s}{section.1.2}% 10
\BOOKMARK [1][-]{section.1.3}{\376\377\000G\000e\000n\000e\000r\000a\000l\000\040\000S\000o\000l\000u\000t\000i\000o\000n\000s\000\040\000t\000o\000\040\000H\000o\000m\000o\000g\000e\000n\000o\000u\000s\000\040\000D\000i\000f\000f\000e\000r\000e\000n\000t\000i\000a\000l\000\040\000E\000q\000u\000a\000t\000i\000o\000n\000s}{chapter.1}% 11
\BOOKMARK [1][-]{section.1.4}{\376\377\000N\000o\000n\000-\000H\000o\000m\000o\000g\000e\000n\000o\000u\000s\000\040\000D\000i\000f\000f\000e\000r\000e\000n\000t\000i\000a\000l\000\040\000E\000q\000u\000a\000t\000i\000o\000n\000s}{chapter.1}% 12
\BOOKMARK [0][-]{chapter.2}{\376\377\000D\000y\000n\000a\000m\000i\000c\000a\000l\000\040\000S\000y\000s\000t\000e\000m\000s\000:\000\040\000E\000i\000g\000e\000n\000v\000a\000l\000u\000e\000s\000\040\000a\000n\000d\000\040\000E\000i\000g\000e\000n\000v\000e\000c\000t\000o\000r\000s}{}% 13
\BOOKMARK [1][-]{section.2.1}{\376\377\000N\000o\000n\000-\000R\000e\000p\000e\000a\000t\000e\000d\000\040\000R\000e\000a\000l\000\040\000E\000i\000g\000e\000n\000v\000a\000l\000u\000e\000s\000\040\000o\000f\000\040\000n\000\040\000\040\000n\000\040\000C\000a\000s\000e}{chapter.2}% 14
\BOOKMARK [1][-]{section.2.2}{\376\377\000N\000o\000n\000-\000R\000e\000p\000e\000a\000t\000e\000d\000\040\000C\000o\000m\000p\000l\000e\000x\000\040\000E\000i\000g\000e\000n\000v\000a\000l\000u\000e\000s\000\040\000o\000f\000\040\0002\000\040\000\040\0002\000\040\000C\000a\000s\000e}{chapter.2}% 15
\BOOKMARK [1][-]{section.2.3}{\376\377\000N\000o\000n\000-\000R\000e\000p\000e\000a\000t\000e\000d\000\040\000C\000o\000m\000p\000l\000e\000x\000\040\000E\000i\000g\000e\000n\000v\000a\000l\000u\000e\000s\000\040\000o\000f\000\040\0003\000\040\000\040\0003\000\040\000C\000a\000s\000e}{chapter.2}% 16
\BOOKMARK [1][-]{section.2.4}{\376\377\000R\000e\000p\000e\000a\000t\000e\000d\000\040\000E\000i\000g\000e\000n\000v\000a\000l\000u\000e\000s}{chapter.2}% 17
\BOOKMARK [1][-]{section.2.5}{\376\377\000S\000i\000m\000p\000l\000e\000\040\000F\000i\000r\000s\000t\000\040\000O\000r\000d\000e\000r\000\040\000N\000o\000n\000-\000H\000o\000m\000o\000g\000e\000n\000o\000u\000s\000\040\000S\000y\000s\000t\000e\000m}{chapter.2}% 18
\BOOKMARK [1][-]{section.2.6}{\376\377\000S\000i\000m\000p\000l\000e\000\040\000H\000i\000g\000h\000e\000r\000\040\000O\000r\000d\000e\000r\000\040\000S\000y\000s\000t\000e\000m}{chapter.2}% 19
\BOOKMARK [1][-]{section.2.7}{\376\377\000S\000i\000m\000p\000l\000e\000\040\000n\000t\000h\000\040\000O\000r\000d\000e\000r\000\040\000H\000o\000m\000o\000g\000e\000n\000o\000u\000s\000\040\000S\000y\000s\000t\000e\000m}{chapter.2}% 20
\BOOKMARK [0][-]{chapter.3}{\376\377\000F\000o\000u\000r\000i\000e\000r\000\040\000S\000e\000r\000i\000e\000s}{}% 21
\BOOKMARK [1][-]{section.3.1}{\376\377\000D\000e\000f\000i\000n\000i\000t\000i\000o\000n\000\040\000o\000f\000\040\000I\000n\000n\000e\000r\000\040\000P\000r\000o\000d\000u\000c\000t}{chapter.3}% 22
\BOOKMARK [1][-]{section.3.2}{\376\377\000D\000e\000f\000i\000n\000i\000t\000i\000o\000n\000\040\000o\000f\000\040\000L\000e\000b\000e\000s\000g\000u\000e\000\040\000S\000p\000a\000c\000e}{chapter.3}% 23
\BOOKMARK [1][-]{section.3.3}{\376\377\000E\000x\000p\000o\000n\000e\000n\000t\000i\000a\000l\000\040\000F\000o\000u\000r\000i\000e\000r\000\040\000S\000e\000r\000i\000e\000s}{chapter.3}% 24
\BOOKMARK [1][-]{section.3.4}{\376\377\000T\000r\000i\000g\000o\000n\000o\000m\000e\000t\000r\000i\000c\000\040\000F\000o\000u\000r\000i\000e\000r\000\040\000S\000e\000r\000i\000e\000s}{chapter.3}% 25
\BOOKMARK [1][-]{section.3.5}{\376\377\000D\000i\000s\000c\000r\000e\000t\000e\000\040\000F\000o\000u\000r\000i\000e\000r\000\040\000T\000r\000a\000n\000s\000f\000o\000r\000m}{chapter.3}% 26
\BOOKMARK [1][-]{section.3.6}{\376\377\000H\000i\000g\000h\000e\000r\000-\000D\000i\000m\000e\000n\000s\000i\000o\000n\000a\000l\000\040\000F\000o\000u\000r\000i\000e\000r\000\040\000S\000e\000r\000i\000e\000s}{chapter.3}% 27
\BOOKMARK [0][-]{chapter.4}{\376\377\000L\000a\000p\000l\000a\000c\000e\000\040\000T\000r\000a\000n\000s\000f\000o\000r\000m}{}% 28
\BOOKMARK [1][-]{section.4.1}{\376\377\000D\000e\000f\000i\000n\000i\000t\000i\000o\000n\000\040\000o\000f\000\040\000L\000a\000p\000l\000a\000c\000e\000\040\000T\000r\000a\000n\000s\000f\000o\000r\000m}{chapter.4}% 29
\BOOKMARK [1][-]{section.4.2}{\376\377\000T\000r\000a\000n\000s\000f\000o\000r\000m\000s\000\040\000o\000f\000\040\000D\000e\000r\000i\000v\000a\000t\000i\000v\000e\000s}{chapter.4}% 30
\BOOKMARK [1][-]{section.4.3}{\376\377\000T\000r\000a\000n\000s\000f\000o\000r\000m\000s\000\040\000o\000f\000\040\000I\000n\000t\000e\000g\000r\000a\000l\000s}{chapter.4}% 31
\BOOKMARK [1][-]{section.4.4}{\376\377\000D\000e\000r\000i\000v\000a\000t\000i\000v\000e\000\040\000o\000f\000\040\000T\000r\000a\000n\000s\000f\000o\000r\000m\000s}{chapter.4}% 32
\BOOKMARK [1][-]{section.4.5}{\376\377\000I\000n\000t\000e\000g\000r\000a\000t\000i\000o\000n\000\040\000o\000f\000\040\000T\000r\000a\000n\000s\000f\000o\000r\000m\000s}{chapter.4}% 33
\BOOKMARK [1][-]{section.4.6}{\376\377\000T\000r\000a\000n\000s\000l\000a\000t\000i\000o\000n\000\040\000o\000f\000\040\000T\000r\000a\000n\000s\000f\000o\000r\000m\000s}{chapter.4}% 34
\BOOKMARK [1][-]{section.4.7}{\376\377\000T\000r\000a\000n\000s\000f\000o\000r\000m\000s\000\040\000o\000f\000\040\000T\000r\000a\000n\000s\000l\000a\000t\000e\000d\000\040\000F\000u\000n\000c\000t\000i\000o\000n\000s}{chapter.4}% 35
\BOOKMARK [1][-]{section.4.8}{\376\377\000C\000o\000n\000v\000o\000l\000u\000t\000i\000o\000n}{chapter.4}% 36
\BOOKMARK [0][-]{chapter.5}{\376\377\000G\000r\000a\000d\000i\000e\000n\000t\000\040\000O\000p\000e\000r\000a\000t\000o\000r\000s}{}% 37
\BOOKMARK [1][-]{section.5.1}{\376\377\000C\000a\000r\000t\000e\000s\000i\000a\000n\000\040\000C\000o\000o\000r\000d\000i\000n\000a\000t\000e\000s}{chapter.5}% 38
\BOOKMARK [1][-]{section.5.2}{\376\377\000C\000y\000l\000i\000n\000d\000r\000i\000c\000a\000l\000\040\000C\000o\000o\000r\000d\000i\000n\000a\000t\000e\000s}{chapter.5}% 39
\BOOKMARK [1][-]{section.5.3}{\376\377\000S\000p\000h\000e\000r\000i\000c\000a\000l\000\040\000C\000o\000o\000r\000d\000i\000n\000a\000t\000e\000s}{chapter.5}% 40
\BOOKMARK [0][-]{chapter.6}{\376\377\000P\000a\000r\000t\000i\000a\000l\000\040\000D\000i\000f\000f\000e\000r\000e\000n\000t\000i\000a\000l\000\040\000E\000q\000u\000a\000t\000i\000o\000n\000s}{}% 41
\BOOKMARK [1][-]{section.6.1}{\376\377\000M\000e\000t\000h\000o\000d\000s\000\040\000i\000n\000\040\000G\000e\000n\000e\000r\000a\000l\000i\000z\000e\000d\000\040\000C\000a\000r\000t\000e\000s\000i\000a\000n\000\040\000C\000o\000o\000r\000d\000i\000n\000a\000t\000e\000s}{chapter.6}% 42
\BOOKMARK [1][-]{section.6.2}{\376\377\000M\000e\000t\000h\000o\000d\000s\000\040\000i\000n\000\040\000C\000y\000l\000i\000n\000d\000r\000i\000c\000a\000l\000\040\000C\000o\000o\000r\000d\000i\000n\000a\000t\000e\000s}{chapter.6}% 43
\BOOKMARK [1][-]{section.6.3}{\376\377\000M\000e\000t\000h\000o\000d\000s\000\040\000i\000n\000\040\000S\000p\000h\000e\000r\000i\000c\000a\000l\000\040\000C\000o\000o\000r\000d\000i\000n\000a\000t\000e\000s}{chapter.6}% 44
\BOOKMARK [0][-]{chapter.7}{\376\377\000T\000e\000m\000p\000e\000r\000a\000t\000u\000r\000e\000\040\000D\000i\000s\000t\000r\000i\000b\000u\000t\000i\000o\000n\000\040\000o\000f\000\040\000C\000a\000r\000t\000e\000s\000i\000a\000n\000\040\000S\000l\000a\000b\000s}{}% 45
\BOOKMARK [0][-]{chapter.8}{\376\377\000T\000e\000m\000p\000e\000r\000a\000t\000u\000r\000e\000\040\000D\000i\000s\000t\000r\000i\000b\000u\000t\000i\000o\000n\000\040\000o\000f\000\040\000P\000o\000l\000a\000r\000\040\000S\000l\000a\000b\000s}{}% 46
\BOOKMARK [0][-]{chapter.9}{\376\377\000L\000o\000n\000g\000i\000t\000u\000d\000i\000n\000a\000l\000\040\000S\000t\000r\000u\000c\000t\000u\000r\000a\000l\000\040\000B\000a\000r\000\040\000V\000i\000b\000r\000a\000t\000i\000o\000n\000s}{}% 47
\BOOKMARK [0][-]{chapter.10}{\376\377\000T\000r\000a\000n\000s\000v\000e\000r\000s\000e\000\040\000S\000t\000r\000u\000c\000t\000u\000r\000a\000l\000\040\000B\000a\000r\000\040\000V\000i\000b\000r\000a\000t\000i\000o\000n\000s}{}% 48
\BOOKMARK [0][-]{chapter.11}{\376\377\000N\000a\000t\000u\000r\000a\000l\000\040\000F\000r\000e\000q\000u\000e\000n\000c\000i\000e\000s\000\040\000o\000f\000\040\000B\000e\000a\000m\000s}{}% 49
\BOOKMARK [0][-]{chapter.12}{\376\377\000T\000w\000o\000-\000D\000i\000m\000e\000n\000s\000i\000o\000n\000a\000l\000\040\000W\000a\000v\000e\000\040\000E\000q\000u\000a\000t\000i\000o\000n\000\040\000i\000n\000\040\000C\000a\000r\000t\000e\000s\000i\000a\000n\000\040\000C\000o\000o\000r\000d\000i\000n\000a\000t\000e\000s}{}% 50
\BOOKMARK [0][-]{chapter.13}{\376\377\000T\000w\000o\000-\000D\000i\000m\000e\000n\000s\000i\000o\000n\000a\000l\000\040\000W\000a\000v\000e\000\040\000E\000q\000u\000a\000t\000i\000o\000n\000\040\000i\000n\000\040\000P\000o\000l\000a\000r\000\040\000C\000o\000o\000r\000d\000i\000n\000a\000t\000e\000s}{}% 51
\BOOKMARK [0][-]{chapter.14}{\376\377\000S\000p\000h\000e\000r\000i\000c\000a\000l\000\040\000H\000a\000r\000m\000o\000n\000i\000c\000s\000\040\000a\000n\000d\000\040\000O\000c\000e\000a\000n\000\040\000W\000a\000v\000e\000s}{}% 52
\BOOKMARK [0][-]{chapter.15}{\376\377\000S\000t\000u\000r\000m\000-\000L\000i\000o\000u\000v\000i\000l\000l\000e\000\040\000P\000r\000o\000b\000l\000e\000m\000s}{}% 53
\BOOKMARK [1][-]{section.15.1}{\376\377\000D\000e\000f\000i\000n\000i\000t\000i\000o\000n\000\040\000o\000f\000\040\000S\000t\000u\000m\000-\000L\000i\000o\000u\000v\000i\000l\000l\000e\000\040\000P\000r\000o\000b\000l\000e\000m\000s}{chapter.15}% 54
\BOOKMARK [1][-]{section.15.2}{\376\377\000E\000i\000g\000e\000n\000v\000a\000l\000u\000e\000\040\000T\000h\000e\000o\000r\000e\000m\000\040\000o\000f\000\040\000S\000t\000u\000r\000m\000-\000L\000i\000o\000u\000v\000i\000l\000l\000e\000\040\000P\000r\000o\000b\000l\000e\000m\000s}{chapter.15}% 55
\BOOKMARK [1][-]{section.15.3}{\376\377\000E\000i\000g\000e\000n\000v\000a\000l\000u\000e\000s\000-\000E\000i\000g\000e\000n\000f\000u\000n\000c\000t\000i\000o\000n\000s\000\040\000S\000e\000r\000i\000e\000s}{chapter.15}% 56
\BOOKMARK [0][-]{chapter.16}{\376\377\000T\000e\000m\000p\000e\000r\000a\000t\000u\000r\000e\000\040\000D\000i\000s\000t\000r\000i\000b\000u\000t\000i\000o\000n\000\040\000o\000f\000\040\000a\000\040\000H\000e\000a\000t\000e\000d\000\040\000R\000o\000d}{}% 57
\BOOKMARK [1][-]{section.16.1}{\376\377\000Z\000e\000r\000o\000-\000E\000n\000d\000p\000o\000i\000n\000t\000\040\000T\000e\000m\000p\000e\000r\000a\000t\000u\000r\000e\000s}{chapter.16}% 58
\BOOKMARK [1][-]{section.16.2}{\376\377\000I\000n\000s\000u\000l\000a\000t\000e\000d\000\040\000E\000n\000d\000s}{chapter.16}% 59
\BOOKMARK [0][-]{chapter.17}{\376\377\000O\000n\000e\000-\000D\000i\000m\000e\000n\000s\000i\000o\000n\000a\000l\000\040\000W\000a\000v\000e\000\040\000E\000q\000u\000a\000t\000i\000o\000n}{}% 60
\BOOKMARK [1][-]{section.17.1}{\376\377\000D\000e\000r\000i\000v\000a\000t\000i\000v\000e\000\040\000H\000o\000m\000o\000g\000e\000n\000o\000u\000s\000\040\000C\000a\000s\000e}{chapter.17}% 61
\BOOKMARK [1][-]{section.17.2}{\376\377\000D\000i\000s\000p\000l\000a\000c\000e\000m\000e\000n\000t\000\040\000H\000o\000m\000o\000g\000e\000n\000o\000u\000s\000\040\000C\000a\000s\000e}{chapter.17}% 62
\BOOKMARK [0][-]{chapter.18}{\376\377\000T\000e\000n\000s\000o\000r\000s}{}% 63
\BOOKMARK [1][-]{section.18.1}{\376\377\000T\000e\000n\000s\000o\000r\000\040\000I\000n\000d\000e\000x\000\040\000N\000o\000t\000a\000t\000i\000o\000n}{chapter.18}% 64
\BOOKMARK [1][-]{section.18.2}{\376\377\000K\000r\000o\000n\000e\000c\000k\000e\000r\000-\000D\000e\000l\000t\000a\000\040\000\046\000\040\000P\000e\000r\000m\000u\000t\000a\000t\000i\000o\000n\000\040\000T\000e\000n\000s\000o\000r}{chapter.18}% 65
\BOOKMARK [1][-]{section.18.3}{\376\377\000C\000o\000m\000m\000o\000n\000\040\000V\000e\000c\000t\000o\000r\000\040\000O\000p\000e\000r\000a\000t\000i\000o\000n\000s}{chapter.18}% 66
\BOOKMARK [2][-]{subsection.18.3.1}{\376\377\000S\000c\000a\000l\000a\000r\000\040\000M\000u\000l\000t\000i\000p\000l\000i\000c\000a\000t\000i\000o\000n}{section.18.3}% 67
\BOOKMARK [2][-]{subsection.18.3.2}{\376\377\000D\000o\000t\000\040\000P\000r\000o\000d\000u\000c\000t}{section.18.3}% 68
\BOOKMARK [2][-]{subsection.18.3.3}{\376\377\000C\000r\000o\000s\000s\000\040\000P\000r\000o\000d\000u\000c\000t}{section.18.3}% 69
\BOOKMARK [1][-]{section.18.4}{\376\377\000T\000e\000n\000s\000o\000r\000\040\000I\000n\000d\000e\000x\000\040\000I\000d\000e\000n\000t\000i\000t\000i\000e\000s}{chapter.18}% 70
\BOOKMARK [2][-]{subsection.18.4.1}{\376\377\000S\000y\000m\000m\000e\000t\000r\000i\000c\000-\000A\000n\000t\000i\000s\000y\000m\000m\000e\000t\000r\000i\000c\000\040\000T\000e\000n\000s\000o\000r}{section.18.4}% 71
\BOOKMARK [2][-]{subsection.18.4.2}{\376\377\000D\000o\000u\000b\000l\000e\000\040\000P\000e\000r\000m\000u\000t\000a\000t\000i\000o\000n\000\040\000T\000e\000n\000s\000o\000r}{section.18.4}% 72
\BOOKMARK [2][-]{subsection.18.4.3}{\376\377\000K\000r\000o\000n\000e\000c\000k\000e\000r\000-\000D\000e\000l\000t\000a\000\040\000R\000e\000n\000a\000m\000i\000n\000g}{section.18.4}% 73
\BOOKMARK [2][-]{subsection.18.4.4}{\376\377\000C\000u\000r\000l\000\040\000o\000f\000\040\000S\000c\000a\000l\000a\000r\000\040\000G\000r\000a\000d\000i\000e\000n\000t}{section.18.4}% 74
\BOOKMARK [2][-]{subsection.18.4.5}{\376\377\000D\000i\000v\000e\000r\000g\000e\000n\000c\000e\000\040\000o\000f\000\040\000V\000e\000c\000t\000o\000r\000\040\000C\000u\000r\000l}{section.18.4}% 75
\BOOKMARK [2][-]{subsection.18.4.6}{\376\377\000C\000u\000r\000l\000\040\000o\000f\000\040\0002\000\040\000V\000e\000c\000t\000o\000r\000\040\000C\000r\000o\000s\000s\000\040\000P\000r\000o\000d\000u\000c\000t\000s}{section.18.4}% 76
\BOOKMARK [2][-]{subsection.18.4.7}{\376\377\000D\000o\000u\000b\000l\000e\000\040\000C\000u\000r\000l\000\040\000o\000f\000\040\000V\000e\000c\000t\000o\000r}{section.18.4}% 77
\BOOKMARK [2][-]{subsection.18.4.8}{\376\377\000C\000u\000r\000l\000\040\000o\000f\000\040\000V\000e\000c\000t\000o\000r\000\040\000S\000c\000a\000l\000a\000r}{section.18.4}% 78
\BOOKMARK [2][-]{subsection.18.4.9}{\376\377\000T\000r\000i\000p\000l\000e\000\040\000C\000u\000r\000l\000\040\000o\000f\000\040\000V\000e\000c\000t\000o\000r}{section.18.4}% 79
