\standalonepreambles
\subpreamble{../Linear_DE/Differential_Operator.tex}
\usepackage {../Environment/Packages}\usepackage {../Environment/Conventions}\usepackage {../Environment/Hyahoos}
\endsubpreamble
\subpreamble{../Systems_DE/Matrix_DE.tex}
\usepackage {../Environment/Packages}\usepackage {../Environment/Conventions}\usepackage {../Environment/Hyahoos}
\endsubpreamble
\subpreamble{../Fourier/Fourier_Series.tex}
\usepackage {../Environment/Packages}\usepackage {../Environment/Conventions}\usepackage {../Environment/Hyahoos}
\endsubpreamble
\subpreamble{../Laplace/Laplace.tex}
\usepackage {../Environment/Packages}\usepackage {../Environment/Conventions}\usepackage {../Environment/Hyahoos}
\endsubpreamble
\subpreamble{../Del/Del.tex}
\usepackage {../Environment/Packages}\usepackage {../Environment/Conventions}\usepackage {../Environment/Hyahoos}
\endsubpreamble
\subpreamble{../PDE/PDE.tex}
\usepackage {../Environment/Packages}\usepackage {../Environment/Conventions}\usepackage {../Environment/Hyahoos}
\endsubpreamble
\subpreamble{../PDE_Examples/2D_Heat.tex}
\usepackage {../Environment/Packages}\usepackage {../Environment/Conventions}\usepackage {../Environment/Hyahoos}
\endsubpreamble
\subpreamble{../PDE_Examples/Bar_Vibrations.tex}
\usepackage {../Environment/Packages}\usepackage {../Environment/Conventions}\usepackage {../Environment/Hyahoos}
\endsubpreamble
\subpreamble{../PDE_Examples/2D_Wave.tex}
\usepackage {../Environment/Packages}\usepackage {../Environment/Conventions}\usepackage {../Environment/Hyahoos}
\endsubpreamble
\subpreamble{../PDE_Examples/Spherical_Harmonics.tex}
\usepackage {../Environment/Packages}\usepackage {../Environment/Conventions}\usepackage {../Environment/Hyahoos}
\endsubpreamble
\subpreamble{../Sturm/Sturm.tex}
\usepackage {../Environment/Packages}\usepackage {../Environment/Conventions}\usepackage {../Environment/Hyahoos}
\endsubpreamble
\subpreamble{../PDE_Examples/1D_Heat_Eqn.tex}
\usepackage {../Environment/Packages}\usepackage {../Environment/Conventions}\usepackage {../Environment/Hyahoos}
\endsubpreamble
\subpreamble{../PDE_Examples/1D_Wave.tex}
\usepackage {../Environment/Packages}\usepackage {../Environment/Conventions}\usepackage {../Environment/Hyahoos}
\endsubpreamble
\subpreamble{../Thomas_Algorithm/Thomas.tex}
\usepackage {../Environment/Packages}\usepackage {../Environment/Conventions}\usepackage {../Environment/Hyahoos}
\endsubpreamble
\subpreamble{../Tensor/Tensor.tex}
\usepackage {../Environment/Packages}\usepackage {../Environment/Conventions}\usepackage {../Environment/Hyahoos}
\endsubpreamble
\endstandalonepreambles
